------------------------------------------------------------------------------------------------------------------------

[2018-12-19 03:48:31 #1 store] 
Database 'C:\Users\Morrrr\Documents\NetBeansProjects\Refrigerator\objectdb\db\AccountDB.odb' is opened by 8924@DESKTOP-GP1K3NH

[2018-12-19 03:48:31 #2 store] 
Configuration path: ?

[2018-12-19 03:48:31 #3 type] 
Type Models.Account is not enhanced.

[2018-12-19 03:48:31 #4 type] 
Type Models.User is not enhanced.

[2018-12-19 03:48:31 #5 type] 
Type Models.Refrigerator is not enhanced.

[2018-12-19 03:48:31 #6 type] 
Type Models.addItem is not enhanced.

[2018-12-19 03:48:31 #7 type] 
Type Models.Item is not enhanced.

[2018-12-19 03:48:31 #8 type] 
Type Models.Vegerables is not enhanced.

[2018-12-19 03:48:31 #9 type] 
Type Models.BeerWineandSpirits is not enhanced.

[2018-12-19 03:48:31 #10 type] 
Type Models.Others is not enhanced.

------------------------------------------------------------------------------------------------------------------------

[2018-12-19 03:51:37 #1 store] 
Database 'C:\Users\Morrrr\Documents\NetBeansProjects\Refrigerator\objectdb\db\AccountDB.odb' is opened by 16388@DESKTOP-GP1K3NH

[2018-12-19 03:51:37 #2 store] 
Configuration path: ?

[2018-12-19 03:51:37 #3 type] 
Type Models.Account is not enhanced.

[2018-12-19 03:51:37 #4 type] 
Type Models.User is not enhanced.

[2018-12-19 03:51:37 #5 type] 
Type Models.Refrigerator is not enhanced.

[2018-12-19 03:51:37 #6 type] 
Type Models.addItem is not enhanced.

[2018-12-19 03:51:37 #7 type] 
Type Models.Item is not enhanced.

[2018-12-19 03:51:37 #8 type] 
Type Models.Vegerables is not enhanced.

[2018-12-19 03:51:37 #9 type] 
Type Models.BeerWineandSpirits is not enhanced.

[2018-12-19 03:51:37 #10 type] 
Type Models.Others is not enhanced.

------------------------------------------------------------------------------------------------------------------------

[2018-12-19 04:03:32 #1 store] 
Database 'C:\Users\Morrrr\Documents\NetBeansProjects\Refrigerator\objectdb\db\AccountDB.odb' is opened by 17632@DESKTOP-GP1K3NH

[2018-12-19 04:03:32 #2 store] 
Configuration path: ?

[2018-12-19 04:03:32 #3 type] 
Type Models.Account is not enhanced.

[2018-12-19 04:03:32 #4 type] 
Type Models.User is not enhanced.

[2018-12-19 04:03:32 #5 type] 
Type Models.Refrigerator is not enhanced.

[2018-12-19 04:03:32 #6 type] 
Type Models.addItem is not enhanced.

[2018-12-19 04:03:32 #7 type] 
Type Models.Item is not enhanced.

[2018-12-19 04:03:32 #8 type] 
Type Models.Vegerables is not enhanced.

[2018-12-19 04:03:32 #9 type] 
Type Models.BeerWineandSpirits is not enhanced.

[2018-12-19 04:03:32 #10 type] 
Type Models.Others is not enhanced.

------------------------------------------------------------------------------------------------------------------------

[2018-12-19 04:05:26 #1 store] 
Database 'C:\Users\Morrrr\Documents\NetBeansProjects\Refrigerator\objectdb\db\AccountDB.odb' is opened by 16720@DESKTOP-GP1K3NH

[2018-12-19 04:05:26 #2 store] 
Configuration path: ?

[2018-12-19 04:05:26 #3 type] 
Type Models.Account is not enhanced.

[2018-12-19 04:05:26 #4 type] 
Type Models.User is not enhanced.

[2018-12-19 04:05:26 #5 type] 
Type Models.Refrigerator is not enhanced.

[2018-12-19 04:05:26 #6 type] 
Type Models.addItem is not enhanced.

[2018-12-19 04:05:26 #7 type] 
Type Models.Item is not enhanced.

[2018-12-19 04:05:27 #8 type] 
Type Models.Vegerables is not enhanced.

[2018-12-19 04:05:27 #9 type] 
Type Models.BeerWineandSpirits is not enhanced.

[2018-12-19 04:05:27 #10 type] 
Type Models.Others is not enhanced.

------------------------------------------------------------------------------------------------------------------------

[2018-12-19 04:07:05 #1 store] 
Database 'C:\Users\Morrrr\Documents\NetBeansProjects\Refrigerator\objectdb\db\AccountDB.odb' is opened by 8376@DESKTOP-GP1K3NH

[2018-12-19 04:07:05 #2 store] 
Configuration path: ?

[2018-12-19 04:07:05 #3 type] 
Type Models.Account is not enhanced.

[2018-12-19 04:07:05 #4 type] 
Type Models.User is not enhanced.

[2018-12-19 04:07:05 #5 type] 
Type Models.Refrigerator is not enhanced.

[2018-12-19 04:07:05 #6 type] 
Type Models.addItem is not enhanced.

[2018-12-19 04:07:05 #7 type] 
Type Models.Item is not enhanced.

[2018-12-19 04:07:05 #8 type] 
Type Models.Vegerables is not enhanced.

[2018-12-19 04:07:05 #9 type] 
Type Models.BeerWineandSpirits is not enhanced.

[2018-12-19 04:07:05 #10 type] 
Type Models.Others is not enhanced.

------------------------------------------------------------------------------------------------------------------------

[2018-12-19 04:08:02 #1 store] 
Database 'C:\Users\Morrrr\Documents\NetBeansProjects\Refrigerator\objectdb\db\AccountDB.odb' is opened by 17160@DESKTOP-GP1K3NH

[2018-12-19 04:08:02 #2 store] 
Configuration path: ?

[2018-12-19 04:08:02 #3 type] 
Type Models.Account is not enhanced.

[2018-12-19 04:08:02 #4 type] 
Type Models.User is not enhanced.

[2018-12-19 04:08:02 #5 type] 
Type Models.Refrigerator is not enhanced.

[2018-12-19 04:08:02 #6 type] 
Type Models.addItem is not enhanced.

[2018-12-19 04:08:02 #7 type] 
Type Models.Item is not enhanced.

[2018-12-19 04:08:02 #8 type] 
Type Models.Vegerables is not enhanced.

[2018-12-19 04:08:02 #9 type] 
Type Models.BeerWineandSpirits is not enhanced.

[2018-12-19 04:08:02 #10 type] 
Type Models.Others is not enhanced.

------------------------------------------------------------------------------------------------------------------------

[2018-12-19 04:09:21 #1 store] 
Database 'C:\Users\Morrrr\Documents\NetBeansProjects\Refrigerator\objectdb\db\AccountDB.odb' is opened by 6920@DESKTOP-GP1K3NH

[2018-12-19 04:09:21 #2 store] 
Configuration path: ?

[2018-12-19 04:09:21 #3 type] 
Type Models.Account is not enhanced.

[2018-12-19 04:09:21 #4 type] 
Type Models.User is not enhanced.

[2018-12-19 04:09:21 #5 type] 
Type Models.Refrigerator is not enhanced.

[2018-12-19 04:09:21 #6 type] 
Type Models.addItem is not enhanced.

[2018-12-19 04:09:21 #7 type] 
Type Models.Item is not enhanced.

[2018-12-19 04:09:21 #8 type] 
Type Models.Vegerables is not enhanced.

[2018-12-19 04:09:21 #9 type] 
Type Models.BeerWineandSpirits is not enhanced.

[2018-12-19 04:09:21 #10 type] 
Type Models.Others is not enhanced.

------------------------------------------------------------------------------------------------------------------------

[2018-12-19 04:10:47 #1 store] 
Database 'C:\Users\Morrrr\Documents\NetBeansProjects\Refrigerator\objectdb\db\AccountDB.odb' is opened by 16720@DESKTOP-GP1K3NH

[2018-12-19 04:10:47 #2 store] 
Configuration path: ?

[2018-12-19 04:10:47 #3 type] 
Type Models.Account is not enhanced.

[2018-12-19 04:10:47 #4 type] 
Type Models.User is not enhanced.

[2018-12-19 04:10:47 #5 type] 
Type Models.Refrigerator is not enhanced.

[2018-12-19 04:10:47 #6 type] 
Type Models.addItem is not enhanced.

[2018-12-19 04:10:47 #7 type] 
Type Models.Item is not enhanced.

[2018-12-19 04:10:47 #8 type] 
Type Models.Vegerables is not enhanced.

[2018-12-19 04:10:47 #9 type] 
Type Models.BeerWineandSpirits is not enhanced.

[2018-12-19 04:10:47 #10 type] 
Type Models.Others is not enhanced.

------------------------------------------------------------------------------------------------------------------------

[2018-12-19 04:12:14 #1 store] 
Database 'C:\Users\Morrrr\Documents\NetBeansProjects\Refrigerator\objectdb\db\AccountDB.odb' is opened by 12348@DESKTOP-GP1K3NH

[2018-12-19 04:12:14 #2 store] 
Configuration path: ?

[2018-12-19 04:12:14 #3 type] 
Type Models.Account is not enhanced.

[2018-12-19 04:12:14 #4 type] 
Type Models.User is not enhanced.

[2018-12-19 04:12:14 #5 type] 
Type Models.Refrigerator is not enhanced.

[2018-12-19 04:12:14 #6 type] 
Type Models.addItem is not enhanced.

[2018-12-19 04:12:14 #7 type] 
Type Models.Item is not enhanced.

[2018-12-19 04:12:14 #8 type] 
Type Models.Vegerables is not enhanced.

[2018-12-19 04:12:14 #9 type] 
Type Models.BeerWineandSpirits is not enhanced.

[2018-12-19 04:12:14 #10 type] 
Type Models.Others is not enhanced.

------------------------------------------------------------------------------------------------------------------------

[2018-12-19 04:12:38 #1 store] 
Database 'C:\Users\Morrrr\Documents\NetBeansProjects\Refrigerator\objectdb\db\AccountDB.odb' is opened by 6612@DESKTOP-GP1K3NH

[2018-12-19 04:12:38 #2 store] 
Configuration path: ?

[2018-12-19 04:12:38 #3 type] 
Type Models.Account is not enhanced.

[2018-12-19 04:12:38 #4 type] 
Type Models.User is not enhanced.

[2018-12-19 04:12:38 #5 type] 
Type Models.Refrigerator is not enhanced.

[2018-12-19 04:12:38 #6 type] 
Type Models.addItem is not enhanced.

[2018-12-19 04:12:38 #7 type] 
Type Models.Item is not enhanced.

[2018-12-19 04:12:38 #8 type] 
Type Models.Vegerables is not enhanced.

[2018-12-19 04:12:38 #9 type] 
Type Models.BeerWineandSpirits is not enhanced.

[2018-12-19 04:12:38 #10 type] 
Type Models.Others is not enhanced.

------------------------------------------------------------------------------------------------------------------------

[2018-12-19 04:15:12 #1 store] 
Database 'C:\Users\Morrrr\Documents\NetBeansProjects\Refrigerator\objectdb\db\AccountDB.odb' is opened by 17624@DESKTOP-GP1K3NH

[2018-12-19 04:15:12 #2 store] 
Configuration path: ?

[2018-12-19 04:15:12 #3 type] 
Type Models.Account is not enhanced.

[2018-12-19 04:15:12 #4 type] 
Type Models.User is not enhanced.

[2018-12-19 04:15:12 #5 type] 
Type Models.Refrigerator is not enhanced.

[2018-12-19 04:15:12 #6 type] 
Type Models.addItem is not enhanced.

[2018-12-19 04:15:12 #7 type] 
Type Models.Item is not enhanced.

[2018-12-19 04:15:12 #8 type] 
Type Models.Vegerables is not enhanced.

[2018-12-19 04:15:12 #9 type] 
Type Models.BeerWineandSpirits is not enhanced.

[2018-12-19 04:15:12 #10 type] 
Type Models.Others is not enhanced.

------------------------------------------------------------------------------------------------------------------------

[2018-12-19 04:17:06 #1 store] 
Database 'C:\Users\Morrrr\Documents\NetBeansProjects\Refrigerator\objectdb\db\AccountDB.odb' is opened by 8168@DESKTOP-GP1K3NH

[2018-12-19 04:17:06 #2 store] 
Configuration path: ?

[2018-12-19 04:17:07 #3 type] 
Type Models.Account is not enhanced.

[2018-12-19 04:17:07 #4 type] 
Type Models.User is not enhanced.

[2018-12-19 04:17:07 #5 type] 
Type Models.Refrigerator is not enhanced.

[2018-12-19 04:17:07 #6 type] 
Type Models.addItem is not enhanced.

[2018-12-19 04:17:07 #7 type] 
Type Models.Item is not enhanced.

[2018-12-19 04:17:07 #8 type] 
Type Models.Vegerables is not enhanced.

[2018-12-19 04:17:07 #9 type] 
Type Models.BeerWineandSpirits is not enhanced.

[2018-12-19 04:17:07 #10 type] 
Type Models.Others is not enhanced.

------------------------------------------------------------------------------------------------------------------------

[2018-12-19 04:17:33 #1 store] 
Database 'C:\Users\Morrrr\Documents\NetBeansProjects\Refrigerator\objectdb\db\AccountDB.odb' is opened by 13764@DESKTOP-GP1K3NH

[2018-12-19 04:17:33 #2 store] 
Configuration path: ?

[2018-12-19 04:17:33 #3 type] 
Type Models.Account is not enhanced.

[2018-12-19 04:17:33 #4 type] 
Type Models.User is not enhanced.

[2018-12-19 04:17:33 #5 type] 
Type Models.Refrigerator is not enhanced.

[2018-12-19 04:17:33 #6 type] 
Type Models.addItem is not enhanced.

[2018-12-19 04:17:33 #7 type] 
Type Models.Item is not enhanced.

[2018-12-19 04:17:33 #8 type] 
Type Models.Vegerables is not enhanced.

[2018-12-19 04:17:33 #9 type] 
Type Models.BeerWineandSpirits is not enhanced.

[2018-12-19 04:17:33 #10 type] 
Type Models.Others is not enhanced.

------------------------------------------------------------------------------------------------------------------------

[2018-12-19 04:22:56 #1 store] 
Database 'C:\Users\Morrrr\Documents\NetBeansProjects\Refrigerator\objectdb\db\AccountDB.odb' is opened by 16856@DESKTOP-GP1K3NH

[2018-12-19 04:22:56 #2 store] 
Configuration path: ?

[2018-12-19 04:22:56 #3 type] 
Type Models.Account is not enhanced.

[2018-12-19 04:22:56 #4 type] 
Type Models.User is not enhanced.

[2018-12-19 04:22:56 #5 type] 
Type Models.Refrigerator is not enhanced.

[2018-12-19 04:22:56 #6 type] 
Type Models.addItem is not enhanced.

[2018-12-19 04:22:56 #7 type] 
Type Models.Item is not enhanced.

[2018-12-19 04:22:56 #8 type] 
Type Models.Vegerables is not enhanced.

[2018-12-19 04:22:56 #9 type] 
Type Models.BeerWineandSpirits is not enhanced.

[2018-12-19 04:22:56 #10 type] 
Type Models.Others is not enhanced.

------------------------------------------------------------------------------------------------------------------------

[2018-12-19 04:23:16 #1 store] 
Database 'C:\Users\Morrrr\Documents\NetBeansProjects\Refrigerator\objectdb\db\AccountDB.odb' is opened by 11696@DESKTOP-GP1K3NH

[2018-12-19 04:23:16 #2 store] 
Configuration path: ?

[2018-12-19 04:23:16 #3 type] 
Type Models.Account is not enhanced.

[2018-12-19 04:23:16 #4 type] 
Type Models.User is not enhanced.

[2018-12-19 04:23:16 #5 type] 
Type Models.Refrigerator is not enhanced.

[2018-12-19 04:23:16 #6 type] 
Type Models.addItem is not enhanced.

[2018-12-19 04:23:16 #7 type] 
Type Models.Item is not enhanced.

[2018-12-19 04:23:16 #8 type] 
Type Models.Vegerables is not enhanced.

[2018-12-19 04:23:16 #9 type] 
Type Models.BeerWineandSpirits is not enhanced.

[2018-12-19 04:23:16 #10 type] 
Type Models.Others is not enhanced.

------------------------------------------------------------------------------------------------------------------------

[2018-12-19 04:24:47 #1 store] 
Database 'C:\Users\Morrrr\Documents\NetBeansProjects\Refrigerator\objectdb\db\AccountDB.odb' is opened by 19272@DESKTOP-GP1K3NH

[2018-12-19 04:24:47 #2 store] 
Configuration path: ?

[2018-12-19 04:24:47 #3 type] 
Type Models.Account is not enhanced.

[2018-12-19 04:24:47 #4 type] 
Type Models.User is not enhanced.

[2018-12-19 04:24:47 #5 type] 
Type Models.Refrigerator is not enhanced.

[2018-12-19 04:24:47 #6 type] 
Type Models.addItem is not enhanced.

[2018-12-19 04:24:47 #7 type] 
Type Models.Item is not enhanced.

[2018-12-19 04:24:47 #8 type] 
Type Models.Vegerables is not enhanced.

[2018-12-19 04:24:47 #9 type] 
Type Models.BeerWineandSpirits is not enhanced.

[2018-12-19 04:24:47 #10 type] 
Type Models.Others is not enhanced.

------------------------------------------------------------------------------------------------------------------------

[2018-12-19 04:32:03 #1 store] 
Database 'C:\Users\Morrrr\Documents\NetBeansProjects\Refrigerator\objectdb\db\AccountDB.odb' is opened by 16084@DESKTOP-GP1K3NH

[2018-12-19 04:32:03 #2 store] 
Configuration path: ?

[2018-12-19 04:32:03 #3 type] 
Type Models.Account is not enhanced.

[2018-12-19 04:32:03 #4 type] 
Type Models.User is not enhanced.

[2018-12-19 04:32:03 #5 type] 
Type Models.Refrigerator is not enhanced.

[2018-12-19 04:32:03 #6 type] 
Type Models.addItem is not enhanced.

[2018-12-19 04:32:03 #7 type] 
Type Models.Item is not enhanced.

[2018-12-19 04:32:03 #8 type] 
Type Models.Vegerables is not enhanced.

[2018-12-19 04:32:03 #9 type] 
Type Models.BeerWineandSpirits is not enhanced.

[2018-12-19 04:32:03 #10 type] 
Type Models.Others is not enhanced.

------------------------------------------------------------------------------------------------------------------------

[2018-12-19 04:32:49 #1 store] 
Database 'C:\Users\Morrrr\Documents\NetBeansProjects\Refrigerator\objectdb\db\AccountDB.odb' is opened by 4308@DESKTOP-GP1K3NH

[2018-12-19 04:32:49 #2 store] 
Configuration path: ?

[2018-12-19 04:32:49 #3 type] 
Type Models.Account is not enhanced.

[2018-12-19 04:32:49 #4 type] 
Type Models.User is not enhanced.

[2018-12-19 04:32:49 #5 type] 
Type Models.Refrigerator is not enhanced.

[2018-12-19 04:32:49 #6 type] 
Type Models.addItem is not enhanced.

[2018-12-19 04:32:49 #7 type] 
Type Models.Item is not enhanced.

[2018-12-19 04:32:49 #8 type] 
Type Models.Vegerables is not enhanced.

[2018-12-19 04:32:49 #9 type] 
Type Models.BeerWineandSpirits is not enhanced.

[2018-12-19 04:32:49 #10 type] 
Type Models.Others is not enhanced.

------------------------------------------------------------------------------------------------------------------------

[2018-12-19 04:33:51 #1 store] 
Database 'C:\Users\Morrrr\Documents\NetBeansProjects\Refrigerator\objectdb\db\AccountDB.odb' is opened by 16692@DESKTOP-GP1K3NH

[2018-12-19 04:33:51 #2 store] 
Configuration path: ?

[2018-12-19 04:33:51 #3 type] 
Type Models.Account is not enhanced.

[2018-12-19 04:33:51 #4 type] 
Type Models.User is not enhanced.

[2018-12-19 04:33:51 #5 type] 
Type Models.Refrigerator is not enhanced.

[2018-12-19 04:33:51 #6 type] 
Type Models.addItem is not enhanced.

[2018-12-19 04:33:51 #7 type] 
Type Models.Item is not enhanced.

[2018-12-19 04:33:51 #8 type] 
Type Models.Vegerables is not enhanced.

[2018-12-19 04:33:51 #9 type] 
Type Models.BeerWineandSpirits is not enhanced.

[2018-12-19 04:33:51 #10 type] 
Type Models.Others is not enhanced.

------------------------------------------------------------------------------------------------------------------------

[2018-12-19 04:34:13 #1 store] 
Database 'C:\Users\Morrrr\Documents\NetBeansProjects\Refrigerator\objectdb\db\AccountDB.odb' is opened by 17176@DESKTOP-GP1K3NH

[2018-12-19 04:34:13 #2 store] 
Configuration path: ?

[2018-12-19 04:34:13 #3 type] 
Type Models.Account is not enhanced.

[2018-12-19 04:34:13 #4 type] 
Type Models.User is not enhanced.

[2018-12-19 04:34:13 #5 type] 
Type Models.Refrigerator is not enhanced.

[2018-12-19 04:34:13 #6 type] 
Type Models.addItem is not enhanced.

[2018-12-19 04:34:13 #7 type] 
Type Models.Item is not enhanced.

[2018-12-19 04:34:13 #8 type] 
Type Models.Vegerables is not enhanced.

[2018-12-19 04:34:13 #9 type] 
Type Models.BeerWineandSpirits is not enhanced.

[2018-12-19 04:34:13 #10 type] 
Type Models.Others is not enhanced.

------------------------------------------------------------------------------------------------------------------------

[2018-12-19 04:35:51 #1 store] 
Database 'C:\Users\Morrrr\Documents\NetBeansProjects\Refrigerator\objectdb\db\AccountDB.odb' is opened by 16524@DESKTOP-GP1K3NH

[2018-12-19 04:35:51 #2 store] 
Configuration path: ?

[2018-12-19 04:35:51 #3 type] 
Type Models.Account is not enhanced.

[2018-12-19 04:35:51 #4 type] 
Type Models.User is not enhanced.

[2018-12-19 04:35:51 #5 type] 
Type Models.Refrigerator is not enhanced.

[2018-12-19 04:35:51 #6 type] 
Type Models.addItem is not enhanced.

[2018-12-19 04:35:51 #7 type] 
Type Models.Item is not enhanced.

[2018-12-19 04:35:51 #8 type] 
Type Models.Vegerables is not enhanced.

[2018-12-19 04:35:51 #9 type] 
Type Models.BeerWineandSpirits is not enhanced.

[2018-12-19 04:35:51 #10 type] 
Type Models.Others is not enhanced.

------------------------------------------------------------------------------------------------------------------------

[2018-12-19 04:36:05 #1 store] 
Database 'C:\Users\Morrrr\Documents\NetBeansProjects\Refrigerator\objectdb\db\AccountDB.odb' is opened by 17784@DESKTOP-GP1K3NH

[2018-12-19 04:36:05 #2 store] 
Configuration path: ?

[2018-12-19 04:36:05 #3 type] 
Type Models.Account is not enhanced.

[2018-12-19 04:36:05 #4 type] 
Type Models.User is not enhanced.

[2018-12-19 04:36:05 #5 type] 
Type Models.Refrigerator is not enhanced.

[2018-12-19 04:36:05 #6 type] 
Type Models.addItem is not enhanced.

[2018-12-19 04:36:05 #7 type] 
Type Models.Item is not enhanced.

[2018-12-19 04:36:05 #8 type] 
Type Models.Vegerables is not enhanced.

[2018-12-19 04:36:05 #9 type] 
Type Models.BeerWineandSpirits is not enhanced.

[2018-12-19 04:36:05 #10 type] 
Type Models.Others is not enhanced.

------------------------------------------------------------------------------------------------------------------------

[2018-12-19 04:37:00 #1 store] 
Database 'C:\Users\Morrrr\Documents\NetBeansProjects\Refrigerator\objectdb\db\AccountDB.odb' is opened by 11312@DESKTOP-GP1K3NH

[2018-12-19 04:37:00 #2 store] 
Configuration path: ?

[2018-12-19 04:37:00 #3 type] 
Type Models.Account is not enhanced.

[2018-12-19 04:37:00 #4 type] 
Type Models.User is not enhanced.

[2018-12-19 04:37:00 #5 type] 
Type Models.Refrigerator is not enhanced.

[2018-12-19 04:37:00 #6 type] 
Type Models.addItem is not enhanced.

[2018-12-19 04:37:00 #7 type] 
Type Models.Item is not enhanced.

[2018-12-19 04:37:00 #8 type] 
Type Models.Vegerables is not enhanced.

[2018-12-19 04:37:00 #9 type] 
Type Models.BeerWineandSpirits is not enhanced.

[2018-12-19 04:37:00 #10 type] 
Type Models.Others is not enhanced.

------------------------------------------------------------------------------------------------------------------------

[2018-12-19 04:38:00 #1 store] 
Database 'C:\Users\Morrrr\Documents\NetBeansProjects\Refrigerator\objectdb\db\AccountDB.odb' is opened by 17548@DESKTOP-GP1K3NH

[2018-12-19 04:38:00 #2 store] 
Configuration path: ?

[2018-12-19 04:38:00 #3 type] 
Type Models.Account is not enhanced.

[2018-12-19 04:38:00 #4 type] 
Type Models.User is not enhanced.

[2018-12-19 04:38:00 #5 type] 
Type Models.Refrigerator is not enhanced.

[2018-12-19 04:38:00 #6 type] 
Type Models.addItem is not enhanced.

[2018-12-19 04:38:00 #7 type] 
Type Models.Item is not enhanced.

[2018-12-19 04:38:00 #8 type] 
Type Models.Vegerables is not enhanced.

[2018-12-19 04:38:00 #9 type] 
Type Models.BeerWineandSpirits is not enhanced.

[2018-12-19 04:38:00 #10 type] 
Type Models.Others is not enhanced.

------------------------------------------------------------------------------------------------------------------------

[2018-12-19 04:38:40 #1 store] 
Database 'C:\Users\Morrrr\Documents\NetBeansProjects\Refrigerator\objectdb\db\AccountDB.odb' is opened by 17032@DESKTOP-GP1K3NH

[2018-12-19 04:38:40 #2 store] 
Configuration path: ?

[2018-12-19 04:38:40 #3 type] 
Type Models.Account is not enhanced.

[2018-12-19 04:38:40 #4 type] 
Type Models.User is not enhanced.

[2018-12-19 04:38:40 #5 type] 
Type Models.Refrigerator is not enhanced.

[2018-12-19 04:38:40 #6 type] 
Type Models.addItem is not enhanced.

[2018-12-19 04:38:40 #7 type] 
Type Models.Item is not enhanced.

[2018-12-19 04:38:40 #8 type] 
Type Models.Vegerables is not enhanced.

[2018-12-19 04:38:40 #9 type] 
Type Models.BeerWineandSpirits is not enhanced.

[2018-12-19 04:38:40 #10 type] 
Type Models.Others is not enhanced.

------------------------------------------------------------------------------------------------------------------------

[2018-12-19 04:39:11 #1 store] 
Database 'C:\Users\Morrrr\Documents\NetBeansProjects\Refrigerator\objectdb\db\AccountDB.odb' is opened by 2828@DESKTOP-GP1K3NH

[2018-12-19 04:39:11 #2 store] 
Configuration path: ?

[2018-12-19 04:39:11 #3 type] 
Type Models.Account is not enhanced.

[2018-12-19 04:39:11 #4 type] 
Type Models.User is not enhanced.

[2018-12-19 04:39:11 #5 type] 
Type Models.Refrigerator is not enhanced.

[2018-12-19 04:39:11 #6 type] 
Type Models.addItem is not enhanced.

[2018-12-19 04:39:11 #7 type] 
Type Models.Item is not enhanced.

[2018-12-19 04:39:11 #8 type] 
Type Models.Vegerables is not enhanced.

[2018-12-19 04:39:11 #9 type] 
Type Models.BeerWineandSpirits is not enhanced.

[2018-12-19 04:39:11 #10 type] 
Type Models.Others is not enhanced.

------------------------------------------------------------------------------------------------------------------------

[2018-12-19 04:44:04 #1 store] 
Database 'C:\Users\Morrrr\Documents\NetBeansProjects\Refrigerator\objectdb\db\AccountDB.odb' is opened by 12936@DESKTOP-GP1K3NH

[2018-12-19 04:44:04 #2 store] 
Configuration path: ?

[2018-12-19 04:44:04 #3 type] 
Type Models.Account is not enhanced.

[2018-12-19 04:44:04 #4 type] 
Type Models.User is not enhanced.

[2018-12-19 04:44:05 #5 type] 
Type Models.Refrigerator is not enhanced.

[2018-12-19 04:44:05 #6 type] 
Type Models.addItem is not enhanced.

[2018-12-19 04:44:05 #7 type] 
Type Models.Item is not enhanced.

[2018-12-19 04:44:05 #8 type] 
Type Models.Vegerables is not enhanced.

[2018-12-19 04:44:05 #9 type] 
Type Models.BeerWineandSpirits is not enhanced.

[2018-12-19 04:44:05 #10 type] 
Type Models.Others is not enhanced.

------------------------------------------------------------------------------------------------------------------------

[2018-12-19 04:44:53 #1 store] 
Database 'C:\Users\Morrrr\Documents\NetBeansProjects\Refrigerator\objectdb\db\AccountDB.odb' is opened by 4948@DESKTOP-GP1K3NH

[2018-12-19 04:44:53 #2 store] 
Configuration path: ?

[2018-12-19 04:44:53 #3 type] 
Type Models.Account is not enhanced.

[2018-12-19 04:44:53 #4 type] 
Type Models.User is not enhanced.

[2018-12-19 04:44:53 #5 type] 
Type Models.Refrigerator is not enhanced.

[2018-12-19 04:44:53 #6 type] 
Type Models.addItem is not enhanced.

[2018-12-19 04:44:53 #7 type] 
Type Models.Item is not enhanced.

[2018-12-19 04:44:53 #8 type] 
Type Models.Vegerables is not enhanced.

[2018-12-19 04:44:53 #9 type] 
Type Models.BeerWineandSpirits is not enhanced.

[2018-12-19 04:44:53 #10 type] 
Type Models.Others is not enhanced.

------------------------------------------------------------------------------------------------------------------------

[2018-12-19 04:48:04 #1 store] 
Database 'C:\Users\Morrrr\Documents\NetBeansProjects\Refrigerator\objectdb\db\AccountDB.odb' is opened by 18400@DESKTOP-GP1K3NH

[2018-12-19 04:48:04 #2 store] 
Configuration path: ?

[2018-12-19 04:48:04 #3 type] 
Type Models.Account is not enhanced.

[2018-12-19 04:48:04 #4 type] 
Type Models.User is not enhanced.

[2018-12-19 04:48:04 #5 type] 
Type Models.Refrigerator is not enhanced.

[2018-12-19 04:48:04 #6 type] 
Type Models.addItem is not enhanced.

[2018-12-19 04:48:04 #7 type] 
Type Models.Item is not enhanced.

[2018-12-19 04:48:04 #8 type] 
Type Models.Vegerables is not enhanced.

[2018-12-19 04:48:04 #9 type] 
Type Models.BeerWineandSpirits is not enhanced.

[2018-12-19 04:48:04 #10 type] 
Type Models.Others is not enhanced.

------------------------------------------------------------------------------------------------------------------------

[2018-12-19 04:49:34 #1 store] 
Database 'C:\Users\Morrrr\Documents\NetBeansProjects\Refrigerator\objectdb\db\AccountDB.odb' is opened by 17984@DESKTOP-GP1K3NH

[2018-12-19 04:49:34 #2 store] 
Configuration path: ?

[2018-12-19 04:49:34 #3 type] 
Type Models.Account is not enhanced.

[2018-12-19 04:49:34 #4 type] 
Type Models.User is not enhanced.

[2018-12-19 04:49:34 #5 type] 
Type Models.Refrigerator is not enhanced.

[2018-12-19 04:49:34 #6 type] 
Type Models.addItem is not enhanced.

[2018-12-19 04:49:34 #7 type] 
Type Models.Item is not enhanced.

[2018-12-19 04:49:34 #8 type] 
Type Models.Vegerables is not enhanced.

[2018-12-19 04:49:34 #9 type] 
Type Models.BeerWineandSpirits is not enhanced.

[2018-12-19 04:49:34 #10 type] 
Type Models.Others is not enhanced.

------------------------------------------------------------------------------------------------------------------------

[2018-12-19 04:49:58 #1 store] 
Database 'C:\Users\Morrrr\Documents\NetBeansProjects\Refrigerator\objectdb\db\AccountDB.odb' is opened by 18916@DESKTOP-GP1K3NH

[2018-12-19 04:49:58 #2 store] 
Configuration path: ?

[2018-12-19 04:49:58 #3 type] 
Type Models.Account is not enhanced.

[2018-12-19 04:49:58 #4 type] 
Type Models.User is not enhanced.

[2018-12-19 04:49:58 #5 type] 
Type Models.Refrigerator is not enhanced.

[2018-12-19 04:49:58 #6 type] 
Type Models.addItem is not enhanced.

[2018-12-19 04:49:58 #7 type] 
Type Models.Item is not enhanced.

[2018-12-19 04:49:58 #8 type] 
Type Models.Vegerables is not enhanced.

[2018-12-19 04:49:58 #9 type] 
Type Models.BeerWineandSpirits is not enhanced.

[2018-12-19 04:49:58 #10 type] 
Type Models.Others is not enhanced.

------------------------------------------------------------------------------------------------------------------------

[2018-12-19 04:51:07 #1 store] 
Database 'C:\Users\Morrrr\Documents\NetBeansProjects\Refrigerator\objectdb\db\AccountDB.odb' is opened by 3060@DESKTOP-GP1K3NH

[2018-12-19 04:51:07 #2 store] 
Configuration path: ?

[2018-12-19 04:51:07 #3 type] 
Type Models.Account is not enhanced.

[2018-12-19 04:51:07 #4 type] 
Type Models.User is not enhanced.

[2018-12-19 04:51:07 #5 type] 
Type Models.Refrigerator is not enhanced.

[2018-12-19 04:51:07 #6 type] 
Type Models.addItem is not enhanced.

[2018-12-19 04:51:07 #7 type] 
Type Models.Item is not enhanced.

[2018-12-19 04:51:07 #8 type] 
Type Models.Vegerables is not enhanced.

[2018-12-19 04:51:07 #9 type] 
Type Models.BeerWineandSpirits is not enhanced.

[2018-12-19 04:51:07 #10 type] 
Type Models.Others is not enhanced.

------------------------------------------------------------------------------------------------------------------------

[2018-12-19 04:52:45 #1 store] 
Database 'C:\Users\Morrrr\Documents\NetBeansProjects\Refrigerator\objectdb\db\AccountDB.odb' is opened by 7456@DESKTOP-GP1K3NH

[2018-12-19 04:52:45 #2 store] 
Configuration path: ?

[2018-12-19 04:52:45 #3 type] 
Type Models.Account is not enhanced.

[2018-12-19 04:52:45 #4 type] 
Type Models.User is not enhanced.

[2018-12-19 04:52:45 #5 type] 
Type Models.Refrigerator is not enhanced.

[2018-12-19 04:52:45 #6 type] 
Type Models.addItem is not enhanced.

[2018-12-19 04:52:45 #7 type] 
Type Models.Item is not enhanced.

[2018-12-19 04:52:45 #8 type] 
Type Models.Vegerables is not enhanced.

[2018-12-19 04:52:45 #9 type] 
Type Models.BeerWineandSpirits is not enhanced.

[2018-12-19 04:52:45 #10 type] 
Type Models.Others is not enhanced.

------------------------------------------------------------------------------------------------------------------------

[2018-12-19 04:53:46 #1 store] 
Database 'C:\Users\Morrrr\Documents\NetBeansProjects\Refrigerator\objectdb\db\AccountDB.odb' is opened by 4408@DESKTOP-GP1K3NH

[2018-12-19 04:53:46 #2 store] 
Configuration path: ?

[2018-12-19 04:53:46 #3 type] 
Type Models.Account is not enhanced.

[2018-12-19 04:53:46 #4 type] 
Type Models.User is not enhanced.

[2018-12-19 04:53:46 #5 type] 
Type Models.Refrigerator is not enhanced.

[2018-12-19 04:53:46 #6 type] 
Type Models.addItem is not enhanced.

[2018-12-19 04:53:46 #7 type] 
Type Models.Item is not enhanced.

[2018-12-19 04:53:46 #8 type] 
Type Models.Vegerables is not enhanced.

[2018-12-19 04:53:46 #9 type] 
Type Models.BeerWineandSpirits is not enhanced.

[2018-12-19 04:53:46 #10 type] 
Type Models.Others is not enhanced.

------------------------------------------------------------------------------------------------------------------------

[2018-12-19 05:01:53 #1 store] 
Database 'C:\Users\Morrrr\Documents\NetBeansProjects\Refrigerator\objectdb\db\AccountDB.odb' is opened by 17976@DESKTOP-GP1K3NH

[2018-12-19 05:01:53 #2 store] 
Configuration path: ?

[2018-12-19 05:01:54 #3 type] 
Type Models.Account is not enhanced.

[2018-12-19 05:01:54 #4 type] 
Type Models.User is not enhanced.

[2018-12-19 05:01:54 #5 type] 
Type Models.Refrigerator is not enhanced.

[2018-12-19 05:01:54 #6 type] 
Type Models.addItem is not enhanced.

[2018-12-19 05:01:54 #7 type] 
Type Models.Item is not enhanced.

[2018-12-19 05:01:54 #8 type] 
Type Models.Vegerables is not enhanced.

[2018-12-19 05:01:54 #9 type] 
Type Models.BeerWineandSpirits is not enhanced.

[2018-12-19 05:01:54 #10 type] 
Type Models.Others is not enhanced.

------------------------------------------------------------------------------------------------------------------------

[2018-12-19 05:02:51 #1 store] 
Database 'C:\Users\Morrrr\Documents\NetBeansProjects\Refrigerator\objectdb\db\AccountDB.odb' is opened by 18648@DESKTOP-GP1K3NH

[2018-12-19 05:02:51 #2 store] 
Configuration path: ?

[2018-12-19 05:02:51 #3 type] 
Type Models.Account is not enhanced.

[2018-12-19 05:02:51 #4 type] 
Type Models.User is not enhanced.

[2018-12-19 05:02:51 #5 type] 
Type Models.Refrigerator is not enhanced.

[2018-12-19 05:02:51 #6 type] 
Type Models.addItem is not enhanced.

[2018-12-19 05:02:51 #7 type] 
Type Models.Item is not enhanced.

[2018-12-19 05:02:51 #8 type] 
Type Models.Vegerables is not enhanced.

[2018-12-19 05:02:51 #9 type] 
Type Models.BeerWineandSpirits is not enhanced.

[2018-12-19 05:02:51 #10 type] 
Type Models.Others is not enhanced.

------------------------------------------------------------------------------------------------------------------------

[2018-12-19 05:03:25 #1 store] 
Database 'C:\Users\Morrrr\Documents\NetBeansProjects\Refrigerator\objectdb\db\AccountDB.odb' is opened by 9144@DESKTOP-GP1K3NH

[2018-12-19 05:03:25 #2 store] 
Configuration path: ?

[2018-12-19 05:03:25 #3 type] 
Type Models.Account is not enhanced.

[2018-12-19 05:03:25 #4 type] 
Type Models.User is not enhanced.

[2018-12-19 05:03:25 #5 type] 
Type Models.Refrigerator is not enhanced.

[2018-12-19 05:03:25 #6 type] 
Type Models.addItem is not enhanced.

[2018-12-19 05:03:25 #7 type] 
Type Models.Item is not enhanced.

[2018-12-19 05:03:25 #8 type] 
Type Models.Vegerables is not enhanced.

[2018-12-19 05:03:25 #9 type] 
Type Models.BeerWineandSpirits is not enhanced.

[2018-12-19 05:03:25 #10 type] 
Type Models.Others is not enhanced.

------------------------------------------------------------------------------------------------------------------------

[2018-12-19 05:05:12 #1 store] 
Database 'C:\Users\Morrrr\Documents\NetBeansProjects\Refrigerator\objectdb\db\AccountDB.odb' is opened by 16868@DESKTOP-GP1K3NH

[2018-12-19 05:05:12 #2 store] 
Configuration path: ?

[2018-12-19 05:05:12 #3 type] 
Type Models.Account is not enhanced.

[2018-12-19 05:05:12 #4 type] 
Type Models.User is not enhanced.

[2018-12-19 05:05:12 #5 type] 
Type Models.Refrigerator is not enhanced.

[2018-12-19 05:05:12 #6 type] 
Type Models.addItem is not enhanced.

[2018-12-19 05:05:12 #7 type] 
Type Models.Item is not enhanced.

[2018-12-19 05:05:12 #8 type] 
Type Models.Vegerables is not enhanced.

[2018-12-19 05:05:12 #9 type] 
Type Models.BeerWineandSpirits is not enhanced.

[2018-12-19 05:05:12 #10 type] 
Type Models.Others is not enhanced.

------------------------------------------------------------------------------------------------------------------------

[2018-12-19 05:09:19 #1 store] 
Database 'C:\Users\Morrrr\Documents\NetBeansProjects\Refrigerator\objectdb\db\AccountDB.odb' is opened by 17816@DESKTOP-GP1K3NH

[2018-12-19 05:09:19 #2 store] 
Configuration path: ?

[2018-12-19 05:09:19 #3 type] 
Type Models.Account is not enhanced.

[2018-12-19 05:09:19 #4 type] 
Type Models.User is not enhanced.

[2018-12-19 05:09:19 #5 type] 
Type Models.Refrigerator is not enhanced.

[2018-12-19 05:09:19 #6 type] 
Type Models.addItem is not enhanced.

[2018-12-19 05:09:19 #7 type] 
Type Models.Item is not enhanced.

[2018-12-19 05:09:19 #8 type] 
Type Models.Vegerables is not enhanced.

[2018-12-19 05:09:19 #9 type] 
Type Models.BeerWineandSpirits is not enhanced.

[2018-12-19 05:09:19 #10 type] 
Type Models.Others is not enhanced.

------------------------------------------------------------------------------------------------------------------------

[2018-12-19 05:12:18 #1 store] 
Database 'C:\Users\Morrrr\Documents\NetBeansProjects\Refrigerator\objectdb\db\AccountDB.odb' is opened by 11016@DESKTOP-GP1K3NH

[2018-12-19 05:12:18 #2 store] 
Configuration path: ?

[2018-12-19 05:12:18 #3 type] 
Type Models.Account is not enhanced.

[2018-12-19 05:12:18 #4 type] 
Type Models.User is not enhanced.

[2018-12-19 05:12:18 #5 type] 
Type Models.Refrigerator is not enhanced.

[2018-12-19 05:12:18 #6 type] 
Type Models.addItem is not enhanced.

[2018-12-19 05:12:18 #7 type] 
Type Models.Item is not enhanced.

[2018-12-19 05:12:18 #8 type] 
Type Models.Vegerables is not enhanced.

[2018-12-19 05:12:18 #9 type] 
Type Models.BeerWineandSpirits is not enhanced.

[2018-12-19 05:12:18 #10 type] 
Type Models.Others is not enhanced.

------------------------------------------------------------------------------------------------------------------------

[2018-12-19 05:14:05 #1 store] 
Database 'C:\Users\Morrrr\Documents\NetBeansProjects\Refrigerator\objectdb\db\AccountDB.odb' is opened by 5132@DESKTOP-GP1K3NH

[2018-12-19 05:14:05 #2 store] 
Configuration path: ?

[2018-12-19 05:14:05 #3 type] 
Type Models.Account is not enhanced.

[2018-12-19 05:14:05 #4 type] 
Type Models.User is not enhanced.

[2018-12-19 05:14:05 #5 type] 
Type Models.Refrigerator is not enhanced.

[2018-12-19 05:14:05 #6 type] 
Type Models.addItem is not enhanced.

[2018-12-19 05:14:05 #7 type] 
Type Models.Item is not enhanced.

[2018-12-19 05:14:05 #8 type] 
Type Models.Vegerables is not enhanced.

[2018-12-19 05:14:05 #9 type] 
Type Models.BeerWineandSpirits is not enhanced.

[2018-12-19 05:14:05 #10 type] 
Type Models.Others is not enhanced.

------------------------------------------------------------------------------------------------------------------------

[2018-12-19 05:20:29 #1 store] 
Database 'C:\Users\Morrrr\Documents\NetBeansProjects\Refrigerator\objectdb\db\AccountDB.odb' is opened by 12844@DESKTOP-GP1K3NH

[2018-12-19 05:20:29 #2 store] 
Configuration path: ?

[2018-12-19 05:20:29 #3 type] 
Type Models.Account is not enhanced.

[2018-12-19 05:20:29 #4 type] 
Type Models.User is not enhanced.

[2018-12-19 05:20:29 #5 type] 
Type Models.Refrigerator is not enhanced.

[2018-12-19 05:20:29 #6 type] 
Type Models.addItem is not enhanced.

[2018-12-19 05:20:29 #7 type] 
Type Models.Item is not enhanced.

[2018-12-19 05:20:29 #8 type] 
Type Models.Vegerables is not enhanced.

[2018-12-19 05:20:29 #9 type] 
Type Models.BeerWineandSpirits is not enhanced.

[2018-12-19 05:20:29 #10 type] 
Type Models.Others is not enhanced.

------------------------------------------------------------------------------------------------------------------------

[2018-12-19 05:21:35 #1 store] 
Database 'C:\Users\Morrrr\Documents\NetBeansProjects\Refrigerator\objectdb\db\AccountDB.odb' has been recovered (tr. 48-48)

[2018-12-19 05:21:35 #2 store] 
Database 'C:\Users\Morrrr\Documents\NetBeansProjects\Refrigerator\objectdb\db\AccountDB.odb' is opened by 3408@DESKTOP-GP1K3NH

[2018-12-19 05:21:35 #3 store] 
Configuration path: ?

[2018-12-19 05:21:35 #4 type] 
Type Models.Account is not enhanced.

[2018-12-19 05:21:35 #5 type] 
Type Models.User is not enhanced.

[2018-12-19 05:21:35 #6 type] 
Type Models.Refrigerator is not enhanced.

[2018-12-19 05:21:35 #7 type] 
Type Models.addItem is not enhanced.

[2018-12-19 05:21:35 #8 type] 
Type Models.Item is not enhanced.

[2018-12-19 05:21:35 #9 type] 
Type Models.Vegerables is not enhanced.

[2018-12-19 05:21:35 #10 type] 
Type Models.BeerWineandSpirits is not enhanced.

[2018-12-19 05:21:35 #11 type] 
Type Models.Others is not enhanced.

------------------------------------------------------------------------------------------------------------------------

[2018-12-19 05:23:14 #1 store] 
Database 'C:\Users\Morrrr\Documents\NetBeansProjects\Refrigerator\objectdb\db\AccountDB.odb' has been recovered (tr. 49-49)

[2018-12-19 05:23:15 #2 store] 
Database 'C:\Users\Morrrr\Documents\NetBeansProjects\Refrigerator\objectdb\db\AccountDB.odb' is opened by 14372@DESKTOP-GP1K3NH

[2018-12-19 05:23:15 #3 store] 
Configuration path: ?

[2018-12-19 05:23:15 #4 type] 
Type Models.Account is not enhanced.

[2018-12-19 05:23:15 #5 type] 
Type Models.User is not enhanced.

[2018-12-19 05:23:15 #6 type] 
Type Models.Refrigerator is not enhanced.

[2018-12-19 05:23:15 #7 type] 
Type Models.addItem is not enhanced.

[2018-12-19 05:23:15 #8 type] 
Type Models.Item is not enhanced.

[2018-12-19 05:23:15 #9 type] 
Type Models.Vegerables is not enhanced.

[2018-12-19 05:23:15 #10 type] 
Type Models.BeerWineandSpirits is not enhanced.

[2018-12-19 05:23:15 #11 type] 
Type Models.Others is not enhanced.

------------------------------------------------------------------------------------------------------------------------

[2018-12-19 05:25:02 #1 store] 
Database 'C:\Users\Morrrr\Documents\NetBeansProjects\Refrigerator\objectdb\db\AccountDB.odb' has been recovered (tr. 50-52)

[2018-12-19 05:25:02 #2 store] 
Database 'C:\Users\Morrrr\Documents\NetBeansProjects\Refrigerator\objectdb\db\AccountDB.odb' is opened by 16256@DESKTOP-GP1K3NH

[2018-12-19 05:25:02 #3 store] 
Configuration path: ?

[2018-12-19 05:25:02 #4 type] 
Type Models.Account is not enhanced.

[2018-12-19 05:25:02 #5 type] 
Type Models.User is not enhanced.

[2018-12-19 05:25:02 #6 type] 
Type Models.Refrigerator is not enhanced.

[2018-12-19 05:25:02 #7 type] 
Type Models.addItem is not enhanced.

[2018-12-19 05:25:02 #8 type] 
Type Models.Item is not enhanced.

[2018-12-19 05:25:02 #9 type] 
Type Models.Vegerables is not enhanced.

[2018-12-19 05:25:02 #10 type] 
Type Models.BeerWineandSpirits is not enhanced.

[2018-12-19 05:25:02 #11 type] 
Type Models.Others is not enhanced.

------------------------------------------------------------------------------------------------------------------------

[2018-12-19 05:25:33 #1 store] 
Database 'C:\Users\Morrrr\Documents\NetBeansProjects\Refrigerator\objectdb\db\AccountDB.odb' has been recovered (tr. 53-53)

[2018-12-19 05:25:33 #2 store] 
Database 'C:\Users\Morrrr\Documents\NetBeansProjects\Refrigerator\objectdb\db\AccountDB.odb' is opened by 17884@DESKTOP-GP1K3NH

[2018-12-19 05:25:33 #3 store] 
Configuration path: ?

[2018-12-19 05:25:33 #4 type] 
Type Models.Account is not enhanced.

[2018-12-19 05:25:33 #5 type] 
Type Models.User is not enhanced.

[2018-12-19 05:25:33 #6 type] 
Type Models.Refrigerator is not enhanced.

[2018-12-19 05:25:33 #7 type] 
Type Models.addItem is not enhanced.

[2018-12-19 05:25:33 #8 type] 
Type Models.Item is not enhanced.

[2018-12-19 05:25:33 #9 type] 
Type Models.Vegerables is not enhanced.

[2018-12-19 05:25:33 #10 type] 
Type Models.BeerWineandSpirits is not enhanced.

[2018-12-19 05:25:33 #11 type] 
Type Models.Others is not enhanced.

------------------------------------------------------------------------------------------------------------------------

[2018-12-19 05:27:34 #1 store] 
Database 'C:\Users\Morrrr\Documents\NetBeansProjects\Refrigerator\objectdb\db\AccountDB.odb' has been recovered (tr. 54-54)

[2018-12-19 05:27:34 #2 store] 
Database 'C:\Users\Morrrr\Documents\NetBeansProjects\Refrigerator\objectdb\db\AccountDB.odb' is opened by 18228@DESKTOP-GP1K3NH

[2018-12-19 05:27:34 #3 store] 
Configuration path: ?

[2018-12-19 05:27:34 #4 type] 
Type Models.Account is not enhanced.

[2018-12-19 05:27:34 #5 type] 
Type Models.User is not enhanced.

[2018-12-19 05:27:34 #6 type] 
Type Models.Refrigerator is not enhanced.

[2018-12-19 05:27:34 #7 type] 
Type Models.addItem is not enhanced.

[2018-12-19 05:27:34 #8 type] 
Type Models.Item is not enhanced.

[2018-12-19 05:27:34 #9 type] 
Type Models.Vegerables is not enhanced.

[2018-12-19 05:27:34 #10 type] 
Type Models.BeerWineandSpirits is not enhanced.

[2018-12-19 05:27:34 #11 type] 
Type Models.Others is not enhanced.

------------------------------------------------------------------------------------------------------------------------

[2018-12-19 05:29:36 #1 store] 
Database 'C:\Users\Morrrr\Documents\NetBeansProjects\Refrigerator\objectdb\db\AccountDB.odb' has been recovered (tr. 55-56)

[2018-12-19 05:29:37 #2 store] 
Database 'C:\Users\Morrrr\Documents\NetBeansProjects\Refrigerator\objectdb\db\AccountDB.odb' is opened by 13816@DESKTOP-GP1K3NH

[2018-12-19 05:29:37 #3 store] 
Configuration path: ?

[2018-12-19 05:29:37 #4 type] 
Type Models.Account is not enhanced.

[2018-12-19 05:29:37 #5 type] 
Type Models.User is not enhanced.

[2018-12-19 05:29:37 #6 type] 
Type Models.Refrigerator is not enhanced.

[2018-12-19 05:29:37 #7 type] 
Type Models.addItem is not enhanced.

[2018-12-19 05:29:37 #8 type] 
Type Models.Item is not enhanced.

[2018-12-19 05:29:37 #9 type] 
Type Models.Vegerables is not enhanced.

[2018-12-19 05:29:37 #10 type] 
Type Models.BeerWineandSpirits is not enhanced.

[2018-12-19 05:29:37 #11 type] 
Type Models.Others is not enhanced.

------------------------------------------------------------------------------------------------------------------------

[2018-12-19 05:30:57 #1 store] 
Database 'C:\Users\Morrrr\Documents\NetBeansProjects\Refrigerator\objectdb\db\AccountDB.odb' has been recovered (tr. 57-60)

[2018-12-19 05:30:57 #2 store] 
Database 'C:\Users\Morrrr\Documents\NetBeansProjects\Refrigerator\objectdb\db\AccountDB.odb' is opened by 14304@DESKTOP-GP1K3NH

[2018-12-19 05:30:57 #3 store] 
Configuration path: ?

[2018-12-19 05:30:57 #4 type] 
Type Models.Account is not enhanced.

[2018-12-19 05:30:57 #5 type] 
Type Models.User is not enhanced.

[2018-12-19 05:30:57 #6 type] 
Type Models.Refrigerator is not enhanced.

[2018-12-19 05:30:57 #7 type] 
Type Models.addItem is not enhanced.

[2018-12-19 05:30:57 #8 type] 
Type Models.Item is not enhanced.

[2018-12-19 05:30:57 #9 type] 
Type Models.Vegerables is not enhanced.

[2018-12-19 05:30:57 #10 type] 
Type Models.BeerWineandSpirits is not enhanced.

[2018-12-19 05:30:57 #11 type] 
Type Models.Others is not enhanced.

------------------------------------------------------------------------------------------------------------------------

[2018-12-19 05:33:48 #1 store] 
Database 'C:\Users\Morrrr\Documents\NetBeansProjects\Refrigerator\objectdb\db\AccountDB.odb' has been recovered (tr. 61-61)

[2018-12-19 05:33:48 #2 store] 
Database 'C:\Users\Morrrr\Documents\NetBeansProjects\Refrigerator\objectdb\db\AccountDB.odb' is opened by 15324@DESKTOP-GP1K3NH

[2018-12-19 05:33:48 #3 store] 
Configuration path: ?

[2018-12-19 05:33:48 #4 type] 
Type Models.Account is not enhanced.

[2018-12-19 05:33:48 #5 type] 
Type Models.User is not enhanced.

[2018-12-19 05:33:48 #6 type] 
Type Models.Refrigerator is not enhanced.

[2018-12-19 05:33:48 #7 type] 
Type Models.addItem is not enhanced.

[2018-12-19 05:33:48 #8 type] 
Type Models.Item is not enhanced.

[2018-12-19 05:33:48 #9 type] 
Type Models.Vegerables is not enhanced.

[2018-12-19 05:33:48 #10 type] 
Type Models.BeerWineandSpirits is not enhanced.

[2018-12-19 05:33:48 #11 type] 
Type Models.Others is not enhanced.

------------------------------------------------------------------------------------------------------------------------

[2018-12-19 05:36:14 #1 store] 
Database 'C:\Users\Morrrr\Documents\NetBeansProjects\Refrigerator\objectdb\db\AccountDB.odb' has been recovered (tr. 62-68)

[2018-12-19 05:36:14 #2 store] 
Database 'C:\Users\Morrrr\Documents\NetBeansProjects\Refrigerator\objectdb\db\AccountDB.odb' is opened by 16928@DESKTOP-GP1K3NH

[2018-12-19 05:36:14 #3 store] 
Configuration path: ?

[2018-12-19 05:36:14 #4 type] 
Type Models.Account is not enhanced.

[2018-12-19 05:36:14 #5 type] 
Type Models.User is not enhanced.

[2018-12-19 05:36:14 #6 type] 
Type Models.Refrigerator is not enhanced.

[2018-12-19 05:36:14 #7 type] 
Type Models.addItem is not enhanced.

[2018-12-19 05:36:14 #8 type] 
Type Models.Item is not enhanced.

[2018-12-19 05:36:14 #9 type] 
Type Models.Vegerables is not enhanced.

[2018-12-19 05:36:14 #10 type] 
Type Models.BeerWineandSpirits is not enhanced.

[2018-12-19 05:36:14 #11 type] 
Type Models.Others is not enhanced.

------------------------------------------------------------------------------------------------------------------------

[2018-12-19 05:38:03 #1 store] 
Database 'C:\Users\Morrrr\Documents\NetBeansProjects\Refrigerator\objectdb\db\AccountDB.odb' has been recovered (tr. 69-72)

[2018-12-19 05:38:03 #2 store] 
Database 'C:\Users\Morrrr\Documents\NetBeansProjects\Refrigerator\objectdb\db\AccountDB.odb' is opened by 15876@DESKTOP-GP1K3NH

[2018-12-19 05:38:03 #3 store] 
Configuration path: ?

[2018-12-19 05:38:03 #4 type] 
Type Models.Account is not enhanced.

[2018-12-19 05:38:03 #5 type] 
Type Models.User is not enhanced.

[2018-12-19 05:38:03 #6 type] 
Type Models.Refrigerator is not enhanced.

[2018-12-19 05:38:03 #7 type] 
Type Models.addItem is not enhanced.

[2018-12-19 05:38:03 #8 type] 
Type Models.Item is not enhanced.

[2018-12-19 05:38:03 #9 type] 
Type Models.Vegerables is not enhanced.

[2018-12-19 05:38:03 #10 type] 
Type Models.BeerWineandSpirits is not enhanced.

[2018-12-19 05:38:03 #11 type] 
Type Models.Others is not enhanced.

