------------------------------------------------------------------------------------------------------------------------

[2018-11-21 12:33:14 #1 store] 
Database 'C:\Users\Morrrr\Documents\NetBeansProjects\Refrigerator\objectdb\db\AccountDB.odb' is opened by 5428@DESKTOP-GP1K3NH

[2018-11-21 12:33:14 #2 store] 
Configuration path: ?

[2018-11-21 12:33:14 #3 type] 
Type Models.Account is not enhanced.

[2018-11-21 12:33:14 #4 type] 
Type Models.User is not enhanced.

[2018-11-21 12:33:14 #5 type] 
Type Models.Refrigerator is not enhanced.

[2018-11-21 12:33:14 #6 type] 
Type Models.addItem is not enhanced.

[2018-11-21 12:33:14 #7 type] 
Type Models.Item is not enhanced.

[2018-11-21 12:33:14 #8 type] 
Type Models.Vegerables is not enhanced.

[2018-11-21 12:33:14 #9 type] 
Type Models.BeerWineandSpirits is not enhanced.

------------------------------------------------------------------------------------------------------------------------

[2018-11-21 12:40:51 #1 store] 
Database 'C:\Users\Morrrr\Documents\NetBeansProjects\Refrigerator\objectdb\db\AccountDB.odb' is opened by 1380@DESKTOP-GP1K3NH

[2018-11-21 12:40:51 #2 store] 
Configuration path: ?

[2018-11-21 12:40:51 #3 type] 
Type Models.Account is not enhanced.

[2018-11-21 12:40:51 #4 type] 
Type Models.User is not enhanced.

[2018-11-21 12:40:51 #5 type] 
Type Models.Refrigerator is not enhanced.

[2018-11-21 12:40:51 #6 type] 
Type Models.addItem is not enhanced.

[2018-11-21 12:40:51 #7 type] 
Type Models.Item is not enhanced.

[2018-11-21 12:40:51 #8 type] 
Type Models.Vegerables is not enhanced.

[2018-11-21 12:40:51 #9 type] 
Type Models.BeerWineandSpirits is not enhanced.

------------------------------------------------------------------------------------------------------------------------

[2018-11-21 12:44:09 #1 store] 
Database 'C:\Users\Morrrr\Documents\NetBeansProjects\Refrigerator\objectdb\db\AccountDB.odb' is opened by 6328@DESKTOP-GP1K3NH

[2018-11-21 12:44:09 #2 store] 
Configuration path: ?

[2018-11-21 12:44:09 #3 type] 
Type Models.Account is not enhanced.

[2018-11-21 12:44:09 #4 type] 
Type Models.User is not enhanced.

[2018-11-21 12:44:09 #5 type] 
Type Models.Refrigerator is not enhanced.

[2018-11-21 12:44:09 #6 type] 
Type Models.addItem is not enhanced.

[2018-11-21 12:44:09 #7 type] 
Type Models.Item is not enhanced.

[2018-11-21 12:44:09 #8 type] 
Type Models.Vegerables is not enhanced.

[2018-11-21 12:44:09 #9 type] 
Type Models.BeerWineandSpirits is not enhanced.

------------------------------------------------------------------------------------------------------------------------

[2018-11-21 12:46:15 #1 store] 
Database 'C:\Users\Morrrr\Documents\NetBeansProjects\Refrigerator\objectdb\db\AccountDB.odb' is opened by 10104@DESKTOP-GP1K3NH

[2018-11-21 12:46:15 #2 store] 
Configuration path: ?

[2018-11-21 12:46:15 #3 type] 
Type Models.Account is not enhanced.

[2018-11-21 12:46:15 #4 type] 
Type Models.User is not enhanced.

[2018-11-21 12:46:15 #5 type] 
Type Models.Refrigerator is not enhanced.

[2018-11-21 12:46:15 #6 type] 
Type Models.addItem is not enhanced.

[2018-11-21 12:46:15 #7 type] 
Type Models.Item is not enhanced.

[2018-11-21 12:46:15 #8 type] 
Type Models.Vegerables is not enhanced.

[2018-11-21 12:46:15 #9 type] 
Type Models.BeerWineandSpirits is not enhanced.

------------------------------------------------------------------------------------------------------------------------

[2018-11-21 12:46:50 #1 store] 
Database 'C:\Users\Morrrr\Documents\NetBeansProjects\Refrigerator\objectdb\db\AccountDB.odb' is opened by 13004@DESKTOP-GP1K3NH

[2018-11-21 12:46:50 #2 store] 
Configuration path: ?

[2018-11-21 12:46:50 #3 type] 
Type Models.Account is not enhanced.

[2018-11-21 12:46:50 #4 type] 
Type Models.User is not enhanced.

[2018-11-21 12:46:50 #5 type] 
Type Models.Refrigerator is not enhanced.

[2018-11-21 12:46:50 #6 type] 
Type Models.addItem is not enhanced.

[2018-11-21 12:46:50 #7 type] 
Type Models.Item is not enhanced.

[2018-11-21 12:46:50 #8 type] 
Type Models.Vegerables is not enhanced.

[2018-11-21 12:46:50 #9 type] 
Type Models.BeerWineandSpirits is not enhanced.

------------------------------------------------------------------------------------------------------------------------

[2018-11-21 12:47:13 #1 store] 
Database 'C:\Users\Morrrr\Documents\NetBeansProjects\Refrigerator\objectdb\db\AccountDB.odb' is opened by 12036@DESKTOP-GP1K3NH

[2018-11-21 12:47:13 #2 store] 
Configuration path: ?

[2018-11-21 12:47:13 #3 type] 
Type Models.Account is not enhanced.

[2018-11-21 12:47:13 #4 type] 
Type Models.User is not enhanced.

[2018-11-21 12:47:13 #5 type] 
Type Models.Refrigerator is not enhanced.

[2018-11-21 12:47:13 #6 type] 
Type Models.addItem is not enhanced.

[2018-11-21 12:47:13 #7 type] 
Type Models.Item is not enhanced.

[2018-11-21 12:47:13 #8 type] 
Type Models.Vegerables is not enhanced.

[2018-11-21 12:47:13 #9 type] 
Type Models.BeerWineandSpirits is not enhanced.

[2018-11-21 12:48:09 #10 type.registry] 
New type Models.Others

[2018-11-21 12:48:09 #11 type] 
Type Models.Others is not enhanced.

------------------------------------------------------------------------------------------------------------------------

[2018-11-21 12:49:58 #1 store] 
Database 'C:\Users\Morrrr\Documents\NetBeansProjects\Refrigerator\objectdb\db\AccountDB.odb' has been recovered (tr. 44-47)

[2018-11-21 12:49:58 #2 store] 
Database 'C:\Users\Morrrr\Documents\NetBeansProjects\Refrigerator\objectdb\db\AccountDB.odb' is opened by 2192@DESKTOP-GP1K3NH

[2018-11-21 12:49:58 #3 store] 
Configuration path: ?

[2018-11-21 12:49:59 #4 type] 
Type Models.Account is not enhanced.

[2018-11-21 12:49:59 #5 type] 
Type Models.User is not enhanced.

[2018-11-21 12:49:59 #6 type] 
Type Models.Refrigerator is not enhanced.

[2018-11-21 12:49:59 #7 type] 
Type Models.addItem is not enhanced.

[2018-11-21 12:49:59 #8 type] 
Type Models.Item is not enhanced.

[2018-11-21 12:49:59 #9 type] 
Type Models.Vegerables is not enhanced.

[2018-11-21 12:49:59 #10 type] 
Type Models.BeerWineandSpirits is not enhanced.

[2018-11-21 12:49:59 #11 type] 
Type Models.Others is not enhanced.

------------------------------------------------------------------------------------------------------------------------

[2018-11-21 12:50:29 #1 store] 
Database 'C:\Users\Morrrr\Documents\NetBeansProjects\Refrigerator\objectdb\db\AccountDB.odb' is opened by 6636@DESKTOP-GP1K3NH

[2018-11-21 12:50:29 #2 store] 
Configuration path: ?

[2018-11-21 12:50:30 #3 type] 
Type Models.Account is not enhanced.

[2018-11-21 12:50:30 #4 type] 
Type Models.User is not enhanced.

[2018-11-21 12:50:30 #5 type] 
Type Models.Refrigerator is not enhanced.

[2018-11-21 12:50:30 #6 type] 
Type Models.addItem is not enhanced.

[2018-11-21 12:50:30 #7 type] 
Type Models.Item is not enhanced.

[2018-11-21 12:50:30 #8 type] 
Type Models.Vegerables is not enhanced.

[2018-11-21 12:50:30 #9 type] 
Type Models.BeerWineandSpirits is not enhanced.

[2018-11-21 12:50:30 #10 type] 
Type Models.Others is not enhanced.

------------------------------------------------------------------------------------------------------------------------

[2018-11-21 12:51:14 #1 store] 
Database 'C:\Users\Morrrr\Documents\NetBeansProjects\Refrigerator\objectdb\db\AccountDB.odb' is opened by 10268@DESKTOP-GP1K3NH

[2018-11-21 12:51:14 #2 store] 
Configuration path: ?

[2018-11-21 12:51:14 #3 type] 
Type Models.Account is not enhanced.

[2018-11-21 12:51:14 #4 type] 
Type Models.User is not enhanced.

[2018-11-21 12:51:14 #5 type] 
Type Models.Refrigerator is not enhanced.

[2018-11-21 12:51:14 #6 type] 
Type Models.addItem is not enhanced.

[2018-11-21 12:51:14 #7 type] 
Type Models.Item is not enhanced.

[2018-11-21 12:51:14 #8 type] 
Type Models.Vegerables is not enhanced.

[2018-11-21 12:51:14 #9 type] 
Type Models.BeerWineandSpirits is not enhanced.

[2018-11-21 12:51:14 #10 type] 
Type Models.Others is not enhanced.

------------------------------------------------------------------------------------------------------------------------

[2018-11-21 12:52:33 #1 store] 
Database 'C:\Users\Morrrr\Documents\NetBeansProjects\Refrigerator\objectdb\db\AccountDB.odb' is opened by 9200@DESKTOP-GP1K3NH

[2018-11-21 12:52:33 #2 store] 
Configuration path: ?

[2018-11-21 12:52:33 #3 type] 
Type Models.Account is not enhanced.

[2018-11-21 12:52:33 #4 type] 
Type Models.User is not enhanced.

[2018-11-21 12:52:33 #5 type] 
Type Models.Refrigerator is not enhanced.

[2018-11-21 12:52:33 #6 type] 
Type Models.addItem is not enhanced.

[2018-11-21 12:52:33 #7 type] 
Type Models.Item is not enhanced.

[2018-11-21 12:52:33 #8 type] 
Type Models.Vegerables is not enhanced.

[2018-11-21 12:52:33 #9 type] 
Type Models.BeerWineandSpirits is not enhanced.

[2018-11-21 12:52:34 #10 type] 
Type Models.Others is not enhanced.

------------------------------------------------------------------------------------------------------------------------

[2018-11-21 12:54:25 #1 store] 
Database 'C:\Users\Morrrr\Documents\NetBeansProjects\Refrigerator\objectdb\db\AccountDB.odb' is opened by 11812@DESKTOP-GP1K3NH

[2018-11-21 12:54:25 #2 store] 
Configuration path: ?

[2018-11-21 12:54:25 #3 type] 
Type Models.Account is not enhanced.

[2018-11-21 12:54:25 #4 type] 
Type Models.User is not enhanced.

[2018-11-21 12:54:25 #5 type] 
Type Models.Refrigerator is not enhanced.

[2018-11-21 12:54:25 #6 type] 
Type Models.addItem is not enhanced.

[2018-11-21 12:54:25 #7 type] 
Type Models.Item is not enhanced.

[2018-11-21 12:54:25 #8 type] 
Type Models.Vegerables is not enhanced.

[2018-11-21 12:54:25 #9 type] 
Type Models.BeerWineandSpirits is not enhanced.

[2018-11-21 12:54:25 #10 type] 
Type Models.Others is not enhanced.

------------------------------------------------------------------------------------------------------------------------

[2018-11-21 12:55:36 #1 store] 
Database 'C:\Users\Morrrr\Documents\NetBeansProjects\Refrigerator\objectdb\db\AccountDB.odb' is opened by 6636@DESKTOP-GP1K3NH

[2018-11-21 12:55:36 #2 store] 
Configuration path: ?

[2018-11-21 12:55:36 #3 type] 
Type Models.Account is not enhanced.

[2018-11-21 12:55:36 #4 type] 
Type Models.User is not enhanced.

[2018-11-21 12:55:36 #5 type] 
Type Models.Refrigerator is not enhanced.

[2018-11-21 12:55:36 #6 type] 
Type Models.addItem is not enhanced.

[2018-11-21 12:55:36 #7 type] 
Type Models.Item is not enhanced.

[2018-11-21 12:55:36 #8 type] 
Type Models.Vegerables is not enhanced.

[2018-11-21 12:55:36 #9 type] 
Type Models.BeerWineandSpirits is not enhanced.

[2018-11-21 12:55:36 #10 type] 
Type Models.Others is not enhanced.

